Test from autobackup
Test from process
Test start backup
Start: 2025-02-21 05:31:47
Stop: 2025-02-21 05:31:57
Time: 10777ms
Test from process
Test from process
Test start backup
Start: 2025-02-21 06:20:23
Stop: 2025-02-21 06:20:27
Time: 4270ms
Test from process
Test start backup
Start: 2025-02-21 06:20:28
Stop: 2025-02-21 06:20:32
Time: 4102ms
Test from autobackup
Test from process
Test start backup
Start: 2025-02-22 04:29:44
Stop: 2025-02-22 04:29:59
Time: 14946ms
Start: 2025-02-22 04:43:14
Stop: 2025-02-22 04:43:18
Time: 4349ms
Start: 2025-02-22 07:12:48
Stop: 2025-02-22 07:12:52
Time: 4301ms
Start: 2025-02-22 20:52:00
Stop: 2025-02-22 20:52:04
Time: 4209ms
Start: 2025-02-24 18:32:10
Stop: 2025-02-24 18:32:21
Time: 10272ms
Start: 2025-02-24 20:52:00
Stop: 2025-02-24 20:52:04
Time: 4274ms
Start: 2025-02-25 21:04:52
Stop: 2025-02-25 21:05:05
Time: 13425ms
Start: 2025-03-11 20:52:00
Stop: 2025-03-11 20:52:09
Time: 9675ms
Start: 2025-03-15 07:33:50
Stop: 2025-03-15 07:34:04
Time: 14018ms
Start: 2025-03-15 20:52:00
Stop: 2025-03-15 20:52:09
Time: 8966ms
Start: 2025-03-16 20:52:00
Stop: 2025-03-16 20:52:04
Time: 4161ms
Start: 2025-03-28 20:53:08
Stop: 2025-03-28 20:53:13
Time: 4850ms
Start: 2025-03-30 18:33:30
Stop: 2025-03-30 18:33:42
Time: 11992ms
Start: 2025-03-31 18:34:05
Stop: 2025-03-31 18:34:13
Time: 7905ms
Start: 2025-04-02 18:33:28
Stop: 2025-04-02 18:33:34
Time: 5259ms
Start: 2025-04-03 18:37:45
Stop: 2025-04-03 18:37:52
Time: 7507ms
Start: 2025-04-04 18:33:59
Stop: 2025-04-04 18:34:07
Time: 7169ms
Start: 2025-04-05 18:38:47
Stop: 2025-04-05 18:38:55
Time: 7945ms
Start: 2025-04-06 06:41:08
Stop: 2025-04-06 06:41:16
Time: 7410ms
Start: 2025-04-07 18:33:58
Stop: 2025-04-07 18:34:07
Time: 8732ms
Start: 2025-04-08 18:30:20
Stop: 2025-04-08 18:30:28
Time: 7352ms
Start: 2025-04-09 18:34:13
Stop: 2025-04-09 18:34:26
Time: 13077ms
Start: 2025-04-10 10:53:29
Stop: 2025-04-10 10:53:37
Time: 7314ms
Start: 2025-05-03 20:52:01
Stop: 2025-05-03 20:52:05
Time: 4749ms
Start: 2025-05-09 18:38:30
Stop: 2025-05-09 18:38:38
Time: 7964ms
Start: 2025-06-18 20:52:00
Stop: 2025-06-18 20:52:05
Time: 5541ms
Start: 2025-07-12 20:52:00
Stop: 2025-07-12 20:52:04
Time: 4388ms
Start: 2025-07-13 20:51:59
Stop: 2025-07-13 20:52:04
Time: 4396ms
Start: 2025-07-14 20:52:00
Stop: 2025-07-14 20:52:04
Time: 4630ms
Start: 2025-07-15 21:43:33
Stop: 2025-07-15 21:43:40
Time: 7323ms
Start: 2025-07-16 20:52:00
Stop: 2025-07-16 20:52:04
Time: 4475ms
Start: 2025-07-17 20:52:00
Stop: 2025-07-17 20:52:04
Time: 4879ms
Start: 2025-07-18 20:52:00
Stop: 2025-07-18 20:52:04
Time: 4517ms
Start: 2025-07-19 20:52:03
Stop: 2025-07-19 20:52:08
Time: 5267ms
Start: 2025-07-20 20:52:00
Stop: 2025-07-20 20:52:04
Time: 4584ms
Start: 2025-07-21 20:52:01
Stop: 2025-07-21 20:52:05
Time: 4633ms
Start: 2025-07-23 11:44:18
Stop: 2025-07-23 11:44:30
Time: 11877ms
Start: 2025-07-27 07:54:05
Stop: 2025-07-27 07:54:14
Time: 8409ms
Start: 2025-07-27 20:52:00
Stop: 2025-07-27 20:52:04
Time: 4420ms
Start: 2025-07-28 21:02:20
Stop: 2025-07-28 21:02:29
Time: 8460ms
Start: 2025-07-29 20:52:00
Stop: 2025-07-29 20:52:04
Time: 4554ms
Start: 2025-07-30 20:52:00
Stop: 2025-07-30 20:52:04
Time: 4792ms
Start: 2025-07-31 20:52:00
Stop: 2025-07-31 20:52:04
Time: 4465ms
Start: 2025-08-01 20:52:02
Stop: 2025-08-01 20:52:07
Time: 4547ms
Start: 2025-08-02 20:52:00
Stop: 2025-08-02 20:52:04
Time: 4557ms
Start: 2025-08-03 20:52:00
Stop: 2025-08-03 20:52:04
Time: 4520ms
Start: 2025-08-04 22:27:11
Stop: 2025-08-04 22:27:23
Time: 11561ms
Start: 2025-08-06 18:37:48
Stop: 2025-08-06 18:38:01
Time: 12633ms
Start: 2025-08-07 18:35:03
Stop: 2025-08-07 18:35:15
Time: 11848ms
Start: 2025-08-08 18:30:20
Stop: 2025-08-08 18:30:31
Time: 11245ms
Start: 2025-08-09 18:39:22
Stop: 2025-08-09 18:39:30
Time: 7687ms
Start: 2025-08-10 06:06:30
Stop: 2025-08-10 06:06:39
Time: 9083ms
Start: 2025-08-11 18:37:11
Stop: 2025-08-11 18:37:23
Time: 11882ms
Start: 2025-08-12 18:34:23
Stop: 2025-08-12 18:34:36
Time: 12804ms
Start: 2025-08-13 18:37:06
Stop: 2025-08-13 18:37:15
Time: 9103ms
Start: 2025-08-14 18:30:58
Stop: 2025-08-14 18:31:06
Time: 7414ms
Start: 2025-08-15 07:19:23
Stop: 2025-08-15 07:19:33
Time: 10649ms
Start: 2025-08-15 20:52:00
Stop: 2025-08-15 20:52:04
Time: 4635ms
Start: 2025-08-17 21:12:27
Stop: 2025-08-17 21:12:37
Time: 10034ms
Start: 2025-08-18 20:52:00
Stop: 2025-08-18 20:52:04
Time: 4330ms
Start: 2025-08-20 12:23:59
Stop: 2025-08-20 12:24:12
Time: 13148ms
Start: 2025-08-21 13:02:37
Stop: 2025-08-21 13:02:47
Time: 10017ms
Start: 2025-08-22 18:34:47
Stop: 2025-08-22 18:34:57
Time: 10354ms
Start: 2025-08-23 18:38:33
Stop: 2025-08-23 18:38:45
Time: 12335ms
Start: 2025-08-23 21:51:29
Stop: 2025-08-23 21:51:42
Time: 13637ms
Start: 2025-08-24 20:52:03
Stop: 2025-08-24 20:52:07
Time: 4602ms
Start: 2025-08-26 06:23:16
Stop: 2025-08-26 06:23:30
Time: 14443ms
Start: 2025-08-26 20:52:00
Stop: 2025-08-26 20:52:04
Time: 4490ms
Start: 2025-08-29 20:52:00
Stop: 2025-08-29 20:52:05
Time: 4998ms
Start: 2025-08-30 20:52:00
Stop: 2025-08-30 20:52:03
Time: 3389ms
Start: 2025-08-31 20:52:00
Stop: 2025-08-31 20:52:05
Time: 5000ms
Start: 2025-09-01 20:51:54
Stop: 2025-09-01 20:51:59
Time: 5019ms
Start: 2025-09-01 20:52:00
Stop: 2025-09-01 20:52:04
Time: 4910ms
Start: 2025-09-02 20:52:00
Stop: 2025-09-02 20:52:08
Time: 8827ms
Start: 2025-09-03 20:52:00
Stop: 2025-09-03 20:52:08
Time: 8522ms
Start: 2025-09-04 20:51:54
Stop: 2025-09-04 20:51:59
Time: 4951ms
Start: 2025-09-04 20:52:00
Stop: 2025-09-04 20:52:04
Time: 4654ms
Start: 2025-09-05 20:51:55
Stop: 2025-09-05 20:51:58
Time: 3318ms
Start: 2025-09-05 20:52:00
Stop: 2025-09-05 20:52:03
Time: 3242ms
Start: 2025-09-08 20:52:00
Stop: 2025-09-08 20:52:08
Time: 8849ms
Start: 2025-09-09 20:52:00
Stop: 2025-09-09 20:52:03
Time: 3593ms
Start: 2025-09-10 20:52:00
Stop: 2025-09-10 20:52:04
Time: 4772ms
Start: 2025-09-11 20:52:00
Stop: 2025-09-11 20:52:05
Time: 5306ms
Start: 2025-09-12 20:52:00
Stop: 2025-09-12 20:52:05
Time: 5005ms
Start: 2025-09-13 20:52:00
Stop: 2025-09-13 20:52:04
Time: 4612ms
Start: 2025-09-15 20:52:00
Stop: 2025-09-15 20:52:08
Time: 8755ms
Start: 2025-09-16 20:52:00
Stop: 2025-09-16 20:52:03
Time: 3482ms
Start: 2025-09-17 20:52:00
Stop: 2025-09-17 20:52:07
Time: 7010ms
Start: 2025-09-18 20:51:55
Stop: 2025-09-18 20:52:04
Time: 8611ms
Start: 2025-09-19 20:51:55
Stop: 2025-09-19 20:51:59
Time: 4709ms
Start: 2025-09-19 20:52:00
Stop: 2025-09-19 20:52:04
Time: 4844ms
Start: 2025-09-26 20:51:55
Stop: 2025-09-26 20:52:00
Time: 4889ms
Start: 2025-09-27 20:51:49
Stop: 2025-09-27 20:51:54
Time: 5140ms
Start: 2025-09-27 20:52:00
Stop: 2025-09-27 20:52:04
Time: 4815ms
Start: 2025-09-28 20:51:50
Stop: 2025-09-28 20:51:55
Time: 4739ms
Start: 2025-09-28 20:52:00
Stop: 2025-09-28 20:52:08
Time: 8385ms
Start: 2025-09-29 20:51:50
Stop: 2025-09-29 20:51:54
Time: 4703ms
Start: 2025-09-29 20:52:00
Stop: 2025-09-29 20:52:04
Time: 4500ms
Start: 2025-09-30 20:52:00
Stop: 2025-09-30 20:52:08
Time: 8609ms
Start: 2025-10-01 20:51:55
Stop: 2025-10-01 20:52:03
Time: 8533ms
Start: 2025-10-02 20:52:00
Stop: 2025-10-02 20:52:08
Time: 8534ms
Start: 2025-10-03 20:52:00
Stop: 2025-10-03 20:52:05
Time: 5033ms
Start: 2025-10-05 20:51:55
Stop: 2025-10-05 20:52:00
Time: 5127ms
Start: 2025-10-07 20:52:00
Stop: 2025-10-07 20:52:05
Time: 5313ms
Start: 2025-10-10 20:52:00
Stop: 2025-10-10 20:52:08
Time: 8511ms
Start: 2025-10-11 20:52:00
Stop: 2025-10-11 20:52:06
Time: 6129ms
Start: 2025-11-01 20:52:00
Stop: 2025-11-01 20:52:08
Time: 8617ms
Start: 2026-01-11 20:51:54
Stop: 2026-01-11 20:51:59
Time: 4771ms
Start: 2026-01-11 20:52:00
Stop: 2026-01-11 20:52:04
Time: 4697ms
Start: 2026-01-12 21:23:35
Stop: 2026-01-12 21:23:39
Time: 4211ms
Start: 2026-01-13 20:52:00
Stop: 2026-01-13 20:52:05
Time: 5089ms
Start: 2026-01-14 20:51:49
Stop: 2026-01-14 20:51:57
Time: 8226ms
Start: 2026-01-14 20:52:00
Stop: 2026-01-14 20:52:08
Time: 8408ms
Start: 2026-01-15 20:51:43
Stop: 2026-01-15 20:51:48
Time: 5080ms
Start: 2026-01-15 20:52:00
Stop: 2026-01-15 20:52:05
Time: 4996ms
Start: 2026-01-16 20:51:49
Stop: 2026-01-16 20:51:58
Time: 8919ms
Start: 2026-01-16 20:52:00
Stop: 2026-01-16 20:52:09
Time: 9022ms
Start: 2026-01-17 21:16:28
Stop: 2026-01-17 21:16:35
Time: 7169ms
Start: 2026-01-18 20:51:55
Stop: 2026-01-18 20:52:04
Time: 8783ms
Start: 2026-01-19 22:42:41
Stop: 2026-01-19 22:42:44
Time: 3424ms
Start: 2026-01-20 20:59:53
Stop: 2026-01-20 20:59:58
Time: 4678ms
Start: 2026-02-09 20:52:00
Stop: 2026-02-09 20:52:09
Time: 9893ms
Start: 2026-05-04 20:52:00
Stop: 2026-05-04 20:52:04
Time: 4589ms
Start: 2026-05-12 20:52:00
Stop: 2026-05-12 20:52:10
Time: 10418ms
Start: 2026-06-08 20:52:00
Stop: 2026-06-08 20:52:05
Time: 5028ms
Start: 2026-06-10 20:52:00
Stop: 2026-06-10 20:52:05
Time: 5346ms
Start: 2026-06-17 20:52:00
Stop: 2026-06-17 20:52:07
Time: 7142ms
Start: 2026-06-18 20:52:00
Stop: 2026-06-18 20:52:06
Time: 6213ms
